
7월 21, 2022 24:36:02.962 NEW SESSION
7월 21, 2022 24:36:02.962 [7368:15532:0721/003602.961:ERROR:device_event_log_impl.cc(214)] [00:36:02.961] USB: usb_device_handle_win.cc:1048 Failed to read descriptor from node connection: 시스템에 부착된 장치가 작동하지 않습니다. (0x1F)
7월 21, 2022 24:36:02.963 [7368:15532:0721/003602.962:ERROR:device_event_log_impl.cc(214)] [00:36:02.961] USB: usb_device_handle_win.cc:1048 Failed to read descriptor from node connection: 시스템에 부착된 장치가 작동하지 않습니다. (0x1F)
7월 21, 2022 24:37:48.818 [11856:1744:0721/003748.818:ERROR:device_event_log_impl.cc(214)] [00:37:48.818] USB: usb_device_handle_win.cc:1048 Failed to read descriptor from node connection: 시스템에 부착된 장치가 작동하지 않습니다. (0x1F)
7월 21, 2022 24:37:48.823 [11856:1744:0721/003748.819:ERROR:device_event_log_impl.cc(214)] [00:37:48.818] USB: usb_device_handle_win.cc:1048 Failed to read descriptor from node connection: 시스템에 부착된 장치가 작동하지 않습니다. (0x1F)
7월 21, 2022 24:38:59.05 [10536:4208:0721/003859.005:ERROR:device_event_log_impl.cc(214)] [00:38:59.005] USB: usb_device_handle_win.cc:1048 Failed to read descriptor from node connection: 시스템에 부착된 장치가 작동하지 않습니다. (0x1F)
7월 21, 2022 24:38:59.06 [10536:4208:0721/003859.005:ERROR:device_event_log_impl.cc(214)] [00:38:59.006] USB: usb_device_handle_win.cc:1048 Failed to read descriptor from node connection: 시스템에 부착된 장치가 작동하지 않습니다. (0x1F)
7월 21, 2022 24:45:42.758 [15320:15660:0721/004542.757:ERROR:device_event_log_impl.cc(214)] [00:45:42.757] USB: usb_device_handle_win.cc:1048 Failed to read descriptor from node connection: 시스템에 부착된 장치가 작동하지 않습니다. (0x1F)
7월 21, 2022 24:45:42.758 [15320:15660:0721/004542.758:ERROR:device_event_log_impl.cc(214)] [00:45:42.757] USB: usb_device_handle_win.cc:1048 Failed to read descriptor from node connection: 시스템에 부착된 장치가 작동하지 않습니다. (0x1F)
7월 21, 2022 24:49:23.840 [8372:2984:0721/004923.840:ERROR:device_event_log_impl.cc(214)] [00:49:23.840] USB: usb_device_handle_win.cc:1048 Failed to read descriptor from node connection: 시스템에 부착된 장치가 작동하지 않습니다. (0x1F)
7월 21, 2022 24:49:23.841 [8372:2984:0721/004923.840:ERROR:device_event_log_impl.cc(214)] [00:49:23.840] USB: usb_device_handle_win.cc:1048 Failed to read descriptor from node connection: 시스템에 부착된 장치가 작동하지 않습니다. (0x1F)
7월 21, 2022 24:51:01.382 [544:2900:0721/005101.382:ERROR:device_event_log_impl.cc(214)] [00:51:01.383] USB: usb_device_handle_win.cc:1048 Failed to read descriptor from node connection: 시스템에 부착된 장치가 작동하지 않습니다. (0x1F)
7월 21, 2022 24:51:01.383 [544:2900:0721/005101.383:ERROR:device_event_log_impl.cc(214)] [00:51:01.383] USB: usb_device_handle_win.cc:1048 Failed to read descriptor from node connection: 시스템에 부착된 장치가 작동하지 않습니다. (0x1F)
7월 21, 2022 24:52:57.10 [14524:13220:0721/005257.009:ERROR:device_event_log_impl.cc(214)] [00:52:57.009] USB: usb_device_handle_win.cc:1048 Failed to read descriptor from node connection: 시스템에 부착된 장치가 작동하지 않습니다. (0x1F)
7월 21, 2022 24:52:57.10 [14524:13220:0721/005257.010:ERROR:device_event_log_impl.cc(214)] [00:52:57.010] USB: usb_device_handle_win.cc:1048 Failed to read descriptor from node connection: 시스템에 부착된 장치가 작동하지 않습니다. (0x1F)
7월 21, 2022 24:56:21.228 [2156:15464:0721/005621.228:ERROR:device_event_log_impl.cc(214)] [00:56:21.228] USB: usb_device_handle_win.cc:1048 Failed to read descriptor from node connection: 시스템에 부착된 장치가 작동하지 않습니다. (0x1F)
7월 21, 2022 24:56:21.228 [2156:15464:0721/005621.228:ERROR:device_event_log_impl.cc(214)] [00:56:21.228] USB: usb_device_handle_win.cc:1048 Failed to read descriptor from node connection: 시스템에 부착된 장치가 작동하지 않습니다. (0x1F)
7월 21, 2022 24:56:46.371 [13952:16220:0721/005646.371:ERROR:device_event_log_impl.cc(214)] [00:56:46.371] USB: usb_device_handle_win.cc:1048 Failed to read descriptor from node connection: 시스템에 부착된 장치가 작동하지 않습니다. (0x1F)
7월 21, 2022 24:56:46.371 [13952:16220:0721/005646.371:ERROR:device_event_log_impl.cc(214)] [00:56:46.371] USB: usb_device_handle_win.cc:1048 Failed to read descriptor from node connection: 시스템에 부착된 장치가 작동하지 않습니다. (0x1F)

7월 21, 2022 14:43:49.746 NEW SESSION
7월 21, 2022 14:43:49.746 [16048:6252:0721/144349.744:ERROR:device_event_log_impl.cc(214)] [14:43:49.744] USB: usb_device_handle_win.cc:1048 Failed to read descriptor from node connection: 시스템에 부착된 장치가 작동하지 않습니다. (0x1F)
7월 21, 2022 14:43:49.752 [16048:6252:0721/144349.744:ERROR:device_event_log_impl.cc(214)] [14:43:49.745] USB: usb_device_handle_win.cc:1048 Failed to read descriptor from node connection: 시스템에 부착된 장치가 작동하지 않습니다. (0x1F)
7월 21, 2022 14:57:35.539 [11700:16356:0721/145735.539:ERROR:device_event_log_impl.cc(214)] [14:57:35.539] USB: usb_device_handle_win.cc:1048 Failed to read descriptor from node connection: 시스템에 부착된 장치가 작동하지 않습니다. (0x1F)
7월 21, 2022 14:57:35.540 [11700:16356:0721/145735.540:ERROR:device_event_log_impl.cc(214)] [14:57:35.539] USB: usb_device_handle_win.cc:1048 Failed to read descriptor from node connection: 시스템에 부착된 장치가 작동하지 않습니다. (0x1F)
7월 21, 2022 15:05:18.942 [7124:6128:0721/150518.942:ERROR:device_event_log_impl.cc(214)] [15:05:18.942] USB: usb_device_handle_win.cc:1048 Failed to read descriptor from node connection: 시스템에 부착된 장치가 작동하지 않습니다. (0x1F)
7월 21, 2022 15:05:18.942 [7124:6128:0721/150518.942:ERROR:device_event_log_impl.cc(214)] [15:05:18.943] USB: usb_device_handle_win.cc:1048 Failed to read descriptor from node connection: 시스템에 부착된 장치가 작동하지 않습니다. (0x1F)
7월 21, 2022 15:13:07.228 [7124:6128:0721/151307.228:ERROR:interface_endpoint_client.cc(665)] Message 1 rejected by interface blink.mojom.WidgetHost
7월 21, 2022 15:16:06.708 [6064:12612:0721/151606.708:ERROR:device_event_log_impl.cc(214)] [15:16:06.708] USB: usb_device_handle_win.cc:1048 Failed to read descriptor from node connection: 시스템에 부착된 장치가 작동하지 않습니다. (0x1F)
7월 21, 2022 15:16:06.708 [6064:12612:0721/151606.708:ERROR:device_event_log_impl.cc(214)] [15:16:06.708] USB: usb_device_handle_win.cc:1048 Failed to read descriptor from node connection: 시스템에 부착된 장치가 작동하지 않습니다. (0x1F)
7월 21, 2022 15:34:29.267 [1576:7480:0721/153429.267:ERROR:device_event_log_impl.cc(214)] [15:34:29.267] USB: usb_device_handle_win.cc:1048 Failed to read descriptor from node connection: 시스템에 부착된 장치가 작동하지 않습니다. (0x1F)
7월 21, 2022 15:34:29.268 [1576:7480:0721/153429.267:ERROR:device_event_log_impl.cc(214)] [15:34:29.267] USB: usb_device_handle_win.cc:1048 Failed to read descriptor from node connection: 시스템에 부착된 장치가 작동하지 않습니다. (0x1F)
7월 21, 2022 15:51:15.826 [11884:14908:0721/155115.825:ERROR:device_event_log_impl.cc(214)] [15:51:15.826] USB: usb_device_handle_win.cc:1048 Failed to read descriptor from node connection: 시스템에 부착된 장치가 작동하지 않습니다. (0x1F)
7월 21, 2022 15:51:15.826 [11884:14908:0721/155115.826:ERROR:device_event_log_impl.cc(214)] [15:51:15.826] USB: usb_device_handle_win.cc:1048 Failed to read descriptor from node connection: 시스템에 부착된 장치가 작동하지 않습니다. (0x1F)
7월 21, 2022 15:51:45.938 [11884:14908:0721/155145.938:ERROR:device_event_log_impl.cc(214)] [15:51:45.938] USB: usb_service_win.cc:104 SetupDiGetDeviceProperty({{A45C254E-DF1C-4EFD-8020-67D146A850E0}, 6}) failed: 요소가 없습니다. (0x490)
7월 21, 2022 15:51:45.946 [11884:14908:0721/155145.945:ERROR:device_event_log_impl.cc(214)] [15:51:45.945] USB: usb_service_win.cc:307 SetupDiEnumDeviceInterfaces: 사용 가능한 데이터가 없습니다. (0x103)
7월 21, 2022 15:51:47.484 [11884:14908:0721/155147.484:ERROR:device_event_log_impl.cc(214)] [15:51:47.484] USB: usb_service_win.cc:104 SetupDiGetDeviceProperty({{A45C254E-DF1C-4EFD-8020-67D146A850E0}, 6}) failed: 요소가 없습니다. (0x490)
7월 21, 2022 15:51:47.489 [11884:14908:0721/155147.489:ERROR:device_event_log_impl.cc(214)] [15:51:47.490] USB: usb_service_win.cc:307 SetupDiEnumDeviceInterfaces: 사용 가능한 데이터가 없습니다. (0x103)
7월 21, 2022 15:59:22.146 [4256:7212:0721/155922.146:ERROR:device_event_log_impl.cc(214)] [15:59:22.145] USB: usb_device_handle_win.cc:1048 Failed to read descriptor from node connection: 시스템에 부착된 장치가 작동하지 않습니다. (0x1F)
7월 21, 2022 15:59:22.146 [4256:7212:0721/155922.146:ERROR:device_event_log_impl.cc(214)] [15:59:22.146] USB: usb_device_handle_win.cc:1048 Failed to read descriptor from node connection: 시스템에 부착된 장치가 작동하지 않습니다. (0x1F)
7월 21, 2022 16:00:13.823 [15160:9612:0721/160013.823:ERROR:device_event_log_impl.cc(214)] [16:00:13.823] USB: usb_device_handle_win.cc:1048 Failed to read descriptor from node connection: 시스템에 부착된 장치가 작동하지 않습니다. (0x1F)
7월 21, 2022 16:00:13.824 [15160:9612:0721/160013.824:ERROR:device_event_log_impl.cc(214)] [16:00:13.824] USB: usb_device_handle_win.cc:1048 Failed to read descriptor from node connection: 시스템에 부착된 장치가 작동하지 않습니다. (0x1F)
7월 21, 2022 16:01:13.57 [7916:10548:0721/160113.057:ERROR:device_event_log_impl.cc(214)] [16:01:13.058] USB: usb_device_handle_win.cc:1048 Failed to read descriptor from node connection: 시스템에 부착된 장치가 작동하지 않습니다. (0x1F)
7월 21, 2022 16:01:13.59 [7916:10548:0721/160113.058:ERROR:device_event_log_impl.cc(214)] [16:01:13.058] USB: usb_device_handle_win.cc:1048 Failed to read descriptor from node connection: 시스템에 부착된 장치가 작동하지 않습니다. (0x1F)
7월 21, 2022 16:07:19.681 [15800:14508:0721/160719.681:ERROR:device_event_log_impl.cc(214)] [16:07:19.680] USB: usb_device_handle_win.cc:1048 Failed to read descriptor from node connection: 시스템에 부착된 장치가 작동하지 않습니다. (0x1F)
7월 21, 2022 16:07:19.682 [15800:14508:0721/160719.681:ERROR:device_event_log_impl.cc(214)] [16:07:19.681] USB: usb_device_handle_win.cc:1048 Failed to read descriptor from node connection: 시스템에 부착된 장치가 작동하지 않습니다. (0x1F)
7월 21, 2022 16:07:44.755 [16044:2712:0721/160744.755:ERROR:device_event_log_impl.cc(214)] [16:07:44.755] USB: usb_device_handle_win.cc:1048 Failed to read descriptor from node connection: 시스템에 부착된 장치가 작동하지 않습니다. (0x1F)
7월 21, 2022 16:07:44.755 [16044:2712:0721/160744.755:ERROR:device_event_log_impl.cc(214)] [16:07:44.755] USB: usb_device_handle_win.cc:1048 Failed to read descriptor from node connection: 시스템에 부착된 장치가 작동하지 않습니다. (0x1F)
7월 21, 2022 16:08:11.588 [15080:14072:0721/160811.588:ERROR:device_event_log_impl.cc(214)] [16:08:11.588] USB: usb_device_handle_win.cc:1048 Failed to read descriptor from node connection: 시스템에 부착된 장치가 작동하지 않습니다. (0x1F)
7월 21, 2022 16:08:11.588 [15080:14072:0721/160811.588:ERROR:device_event_log_impl.cc(214)] [16:08:11.588] USB: usb_device_handle_win.cc:1048 Failed to read descriptor from node connection: 시스템에 부착된 장치가 작동하지 않습니다. (0x1F)
7월 21, 2022 16:08:36.37 [4236:4616:0721/160836.037:ERROR:device_event_log_impl.cc(214)] [16:08:36.037] USB: usb_device_handle_win.cc:1048 Failed to read descriptor from node connection: 시스템에 부착된 장치가 작동하지 않습니다. (0x1F)
7월 21, 2022 16:08:36.37 [4236:4616:0721/160836.037:ERROR:device_event_log_impl.cc(214)] [16:08:36.037] USB: usb_device_handle_win.cc:1048 Failed to read descriptor from node connection: 시스템에 부착된 장치가 작동하지 않습니다. (0x1F)
7월 21, 2022 16:20:13.650 [3960:3228:0721/162013.649:ERROR:device_event_log_impl.cc(214)] [16:20:13.650] USB: usb_device_handle_win.cc:1048 Failed to read descriptor from node connection: 시스템에 부착된 장치가 작동하지 않습니다. (0x1F)
7월 21, 2022 16:20:13.650 [3960:3228:0721/162013.650:ERROR:device_event_log_impl.cc(214)] [16:20:13.650] USB: usb_device_handle_win.cc:1048 Failed to read descriptor from node connection: 시스템에 부착된 장치가 작동하지 않습니다. (0x1F)
7월 21, 2022 16:22:36.987 [16268:14428:0721/162236.986:ERROR:device_event_log_impl.cc(214)] [16:22:36.986] USB: usb_device_handle_win.cc:1048 Failed to read descriptor from node connection: 시스템에 부착된 장치가 작동하지 않습니다. (0x1F)
7월 21, 2022 16:22:36.987 [16268:14428:0721/162236.987:ERROR:device_event_log_impl.cc(214)] [16:22:36.987] USB: usb_device_handle_win.cc:1048 Failed to read descriptor from node connection: 시스템에 부착된 장치가 작동하지 않습니다. (0x1F)
7월 21, 2022 16:26:45.368 [2944:15040:0721/162645.368:ERROR:device_event_log_impl.cc(214)] [16:26:45.368] USB: usb_device_handle_win.cc:1048 Failed to read descriptor from node connection: 시스템에 부착된 장치가 작동하지 않습니다. (0x1F)
7월 21, 2022 16:26:45.368 [2944:15040:0721/162645.368:ERROR:device_event_log_impl.cc(214)] [16:26:45.368] USB: usb_device_handle_win.cc:1048 Failed to read descriptor from node connection: 시스템에 부착된 장치가 작동하지 않습니다. (0x1F)
7월 21, 2022 17:03:43.519 [5464:16080:0721/170343.519:ERROR:device_event_log_impl.cc(214)] [17:03:43.519] USB: usb_device_handle_win.cc:1048 Failed to read descriptor from node connection: 시스템에 부착된 장치가 작동하지 않습니다. (0x1F)
7월 21, 2022 17:03:43.520 [5464:16080:0721/170343.520:ERROR:device_event_log_impl.cc(214)] [17:03:43.520] USB: usb_device_handle_win.cc:1048 Failed to read descriptor from node connection: 시스템에 부착된 장치가 작동하지 않습니다. (0x1F)
7월 21, 2022 17:04:31.770 [13092:7344:0721/170431.770:ERROR:device_event_log_impl.cc(214)] [17:04:31.770] USB: usb_device_handle_win.cc:1048 Failed to read descriptor from node connection: 시스템에 부착된 장치가 작동하지 않습니다. (0x1F)
7월 21, 2022 17:04:31.770 [13092:7344:0721/170431.770:ERROR:device_event_log_impl.cc(214)] [17:04:31.770] USB: usb_device_handle_win.cc:1048 Failed to read descriptor from node connection: 시스템에 부착된 장치가 작동하지 않습니다. (0x1F)
7월 21, 2022 17:11:49.297 [3272:7116:0721/171149.296:ERROR:device_event_log_impl.cc(214)] [17:11:49.296] USB: usb_device_handle_win.cc:1048 Failed to read descriptor from node connection: 시스템에 부착된 장치가 작동하지 않습니다. (0x1F)
7월 21, 2022 17:11:49.297 [3272:7116:0721/171149.297:ERROR:device_event_log_impl.cc(214)] [17:11:49.297] USB: usb_device_handle_win.cc:1048 Failed to read descriptor from node connection: 시스템에 부착된 장치가 작동하지 않습니다. (0x1F)
7월 21, 2022 17:16:04.734 [10764:3820:0721/171604.734:ERROR:device_event_log_impl.cc(214)] [17:16:04.734] USB: usb_device_handle_win.cc:1048 Failed to read descriptor from node connection: 시스템에 부착된 장치가 작동하지 않습니다. (0x1F)
7월 21, 2022 17:16:04.734 [10764:3820:0721/171604.734:ERROR:device_event_log_impl.cc(214)] [17:16:04.734] USB: usb_device_handle_win.cc:1048 Failed to read descriptor from node connection: 시스템에 부착된 장치가 작동하지 않습니다. (0x1F)
7월 21, 2022 17:16:27.719 [5164:7800:0721/171627.719:ERROR:device_event_log_impl.cc(214)] [17:16:27.719] USB: usb_device_handle_win.cc:1048 Failed to read descriptor from node connection: 시스템에 부착된 장치가 작동하지 않습니다. (0x1F)
7월 21, 2022 17:16:27.719 [5164:7800:0721/171627.719:ERROR:device_event_log_impl.cc(214)] [17:16:27.719] USB: usb_device_handle_win.cc:1048 Failed to read descriptor from node connection: 시스템에 부착된 장치가 작동하지 않습니다. (0x1F)
7월 21, 2022 17:25:32.863 [7932:9764:0721/172532.863:ERROR:device_event_log_impl.cc(214)] [17:25:32.863] USB: usb_device_handle_win.cc:1048 Failed to read descriptor from node connection: 시스템에 부착된 장치가 작동하지 않습니다. (0x1F)
7월 21, 2022 17:25:32.863 [7932:9764:0721/172532.863:ERROR:device_event_log_impl.cc(214)] [17:25:32.863] USB: usb_device_handle_win.cc:1048 Failed to read descriptor from node connection: 시스템에 부착된 장치가 작동하지 않습니다. (0x1F)
7월 21, 2022 17:29:10.949 [13648:1324:0721/172910.949:ERROR:device_event_log_impl.cc(214)] [17:29:10.949] USB: usb_device_handle_win.cc:1048 Failed to read descriptor from node connection: 시스템에 부착된 장치가 작동하지 않습니다. (0x1F)
7월 21, 2022 17:29:10.950 [13648:1324:0721/172910.949:ERROR:device_event_log_impl.cc(214)] [17:29:10.950] USB: usb_device_handle_win.cc:1048 Failed to read descriptor from node connection: 시스템에 부착된 장치가 작동하지 않습니다. (0x1F)
7월 21, 2022 17:39:24.440 [15576:9724:0721/173924.439:ERROR:device_event_log_impl.cc(214)] [17:39:24.440] USB: usb_device_handle_win.cc:1048 Failed to read descriptor from node connection: 시스템에 부착된 장치가 작동하지 않습니다. (0x1F)
7월 21, 2022 17:39:24.441 [15576:9724:0721/173924.441:ERROR:device_event_log_impl.cc(214)] [17:39:24.441] USB: usb_device_handle_win.cc:1048 Failed to read descriptor from node connection: 시스템에 부착된 장치가 작동하지 않습니다. (0x1F)
7월 21, 2022 17:45:36.411 [5620:16064:0721/174536.411:ERROR:device_event_log_impl.cc(214)] [17:45:36.410] USB: usb_device_handle_win.cc:1048 Failed to read descriptor from node connection: 시스템에 부착된 장치가 작동하지 않습니다. (0x1F)
7월 21, 2022 17:45:36.411 [5620:16064:0721/174536.411:ERROR:device_event_log_impl.cc(214)] [17:45:36.411] USB: usb_device_handle_win.cc:1048 Failed to read descriptor from node connection: 시스템에 부착된 장치가 작동하지 않습니다. (0x1F)
7월 21, 2022 17:46:54.361 [2760:4852:0721/174654.361:ERROR:get_updates_processor.cc(260)] PostClientToServerMessage() failed during GetUpdates with error 2
7월 21, 2022 17:47:20.727 [11652:8836:0721/174720.727:ERROR:device_event_log_impl.cc(214)] [17:47:20.727] USB: usb_device_handle_win.cc:1048 Failed to read descriptor from node connection: 시스템에 부착된 장치가 작동하지 않습니다. (0x1F)
7월 21, 2022 17:47:20.728 [11652:8836:0721/174720.728:ERROR:device_event_log_impl.cc(214)] [17:47:20.728] USB: usb_device_handle_win.cc:1048 Failed to read descriptor from node connection: 시스템에 부착된 장치가 작동하지 않습니다. (0x1F)
7월 21, 2022 17:50:22.497 [6136:14328:0721/175022.496:ERROR:device_event_log_impl.cc(214)] [17:50:22.496] USB: usb_device_handle_win.cc:1048 Failed to read descriptor from node connection: 시스템에 부착된 장치가 작동하지 않습니다. (0x1F)
7월 21, 2022 17:50:22.497 [6136:14328:0721/175022.497:ERROR:device_event_log_impl.cc(214)] [17:50:22.497] USB: usb_device_handle_win.cc:1048 Failed to read descriptor from node connection: 시스템에 부착된 장치가 작동하지 않습니다. (0x1F)
7월 21, 2022 17:52:17.606 [2028:15652:0721/175217.606:ERROR:device_event_log_impl.cc(214)] [17:52:17.606] USB: usb_device_handle_win.cc:1048 Failed to read descriptor from node connection: 시스템에 부착된 장치가 작동하지 않습니다. (0x1F)
7월 21, 2022 17:52:17.607 [2028:15652:0721/175217.607:ERROR:device_event_log_impl.cc(214)] [17:52:17.607] USB: usb_device_handle_win.cc:1048 Failed to read descriptor from node connection: 시스템에 부착된 장치가 작동하지 않습니다. (0x1F)
7월 21, 2022 17:54:24.690 [9896:12412:0721/175424.690:ERROR:device_event_log_impl.cc(214)] [17:54:24.691] USB: usb_device_handle_win.cc:1048 Failed to read descriptor from node connection: 시스템에 부착된 장치가 작동하지 않습니다. (0x1F)
7월 21, 2022 17:54:24.691 [9896:12412:0721/175424.690:ERROR:device_event_log_impl.cc(214)] [17:54:24.691] USB: usb_device_handle_win.cc:1048 Failed to read descriptor from node connection: 시스템에 부착된 장치가 작동하지 않습니다. (0x1F)
7월 21, 2022 17:55:00.306 [5248:7320:0721/175500.306:ERROR:device_event_log_impl.cc(214)] [17:55:00.306] USB: usb_device_handle_win.cc:1048 Failed to read descriptor from node connection: 시스템에 부착된 장치가 작동하지 않습니다. (0x1F)
7월 21, 2022 17:55:00.306 [5248:7320:0721/175500.306:ERROR:device_event_log_impl.cc(214)] [17:55:00.306] USB: usb_device_handle_win.cc:1048 Failed to read descriptor from node connection: 시스템에 부착된 장치가 작동하지 않습니다. (0x1F)
7월 21, 2022 18:16:36.24 [5248:7320:0721/181636.024:ERROR:device_event_log_impl.cc(214)] [18:16:35.572] USB: usb_service_win.cc:104 SetupDiGetDeviceProperty({{A45C254E-DF1C-4EFD-8020-67D146A850E0}, 6}) failed: 요소가 없습니다. (0x490)
7월 21, 2022 18:16:36.30 [5248:7320:0721/181636.030:ERROR:device_event_log_impl.cc(214)] [18:16:35.576] USB: usb_service_win.cc:307 SetupDiEnumDeviceInterfaces: 사용 가능한 데이터가 없습니다. (0x103)
7월 21, 2022 18:16:38.93 [5248:15408:0721/181638.093:ERROR:connection_factory_impl.cc(425)] Failed to connect to MCS endpoint with error -106
7월 21, 2022 18:16:43.118 [5248:7320:0721/181643.118:ERROR:device_event_log_impl.cc(214)] [18:16:43.118] USB: usb_service_win.cc:104 SetupDiGetDeviceProperty({{A45C254E-DF1C-4EFD-8020-67D146A850E0}, 6}) failed: 요소가 없습니다. (0x490)
7월 21, 2022 18:16:43.123 [5248:7320:0721/181643.123:ERROR:device_event_log_impl.cc(214)] [18:16:43.122] USB: usb_service_win.cc:307 SetupDiEnumDeviceInterfaces: 사용 가능한 데이터가 없습니다. (0x103)
7월 21, 2022 18:16:45.144 [5248:7320:0721/181645.144:ERROR:device_event_log_impl.cc(214)] [18:16:45.143] USB: usb_service_win.cc:104 SetupDiGetDeviceProperty({{A45C254E-DF1C-4EFD-8020-67D146A850E0}, 6}) failed: 요소가 없습니다. (0x490)
7월 21, 2022 18:16:45.150 [5248:7320:0721/181645.150:ERROR:device_event_log_impl.cc(214)] [18:16:45.149] USB: usb_service_win.cc:307 SetupDiEnumDeviceInterfaces: 사용 가능한 데이터가 없습니다. (0x103)
7월 21, 2022 18:16:46.723 [5248:7320:0721/181646.722:ERROR:device_event_log_impl.cc(214)] [18:16:46.722] USB: usb_service_win.cc:104 SetupDiGetDeviceProperty({{A45C254E-DF1C-4EFD-8020-67D146A850E0}, 6}) failed: 요소가 없습니다. (0x490)
7월 21, 2022 18:16:46.727 [5248:7320:0721/181646.727:ERROR:device_event_log_impl.cc(214)] [18:16:46.727] USB: usb_service_win.cc:307 SetupDiEnumDeviceInterfaces: 사용 가능한 데이터가 없습니다. (0x103)
7월 21, 2022 18:16:47.956 [5248:7320:0721/181647.956:ERROR:device_event_log_impl.cc(214)] [18:16:47.956] USB: usb_service_win.cc:104 SetupDiGetDeviceProperty({{A45C254E-DF1C-4EFD-8020-67D146A850E0}, 6}) failed: 요소가 없습니다. (0x490)
7월 21, 2022 18:16:47.961 [5248:7320:0721/181647.961:ERROR:device_event_log_impl.cc(214)] [18:16:47.961] USB: usb_service_win.cc:307 SetupDiEnumDeviceInterfaces: 사용 가능한 데이터가 없습니다. (0x103)
7월 21, 2022 18:16:49.276 [5248:7320:0721/181649.275:ERROR:device_event_log_impl.cc(214)] [18:16:49.275] USB: usb_service_win.cc:104 SetupDiGetDeviceProperty({{A45C254E-DF1C-4EFD-8020-67D146A850E0}, 6}) failed: 요소가 없습니다. (0x490)
7월 21, 2022 18:16:49.280 [5248:7320:0721/181649.280:ERROR:device_event_log_impl.cc(214)] [18:16:49.279] USB: usb_service_win.cc:307 SetupDiEnumDeviceInterfaces: 사용 가능한 데이터가 없습니다. (0x103)
7월 21, 2022 18:17:06.965 [5248:15408:0721/181706.964:ERROR:connection_factory_impl.cc(425)] Failed to connect to MCS endpoint with error -106
7월 21, 2022 18:20:53.874 [10864:14440:0721/182053.874:ERROR:device_event_log_impl.cc(214)] [18:20:53.874] USB: usb_device_handle_win.cc:1048 Failed to read descriptor from node connection: 시스템에 부착된 장치가 작동하지 않습니다. (0x1F)
7월 21, 2022 18:20:53.874 [10864:14440:0721/182053.874:ERROR:device_event_log_impl.cc(214)] [18:20:53.874] USB: usb_device_handle_win.cc:1048 Failed to read descriptor from node connection: 시스템에 부착된 장치가 작동하지 않습니다. (0x1F)
7월 21, 2022 18:29:37.182 [10864:14440:0721/182937.182:ERROR:device_event_log_impl.cc(214)] [18:29:37.182] USB: usb_service_win.cc:104 SetupDiGetDeviceProperty({{A45C254E-DF1C-4EFD-8020-67D146A850E0}, 6}) failed: 요소가 없습니다. (0x490)
7월 21, 2022 18:29:41.327 [10864:14440:0721/182941.327:ERROR:device_event_log_impl.cc(214)] [18:29:41.327] USB: usb_service_win.cc:104 SetupDiGetDeviceProperty({{A45C254E-DF1C-4EFD-8020-67D146A850E0}, 6}) failed: 요소가 없습니다. (0x490)
7월 21, 2022 18:29:41.332 [10864:14440:0721/182941.332:ERROR:device_event_log_impl.cc(214)] [18:29:41.332] USB: usb_service_win.cc:307 SetupDiEnumDeviceInterfaces: 사용 가능한 데이터가 없습니다. (0x103)
7월 21, 2022 18:29:45.806 [10864:14440:0721/182945.806:ERROR:device_event_log_impl.cc(214)] [18:29:45.806] USB: usb_service_win.cc:104 SetupDiGetDeviceProperty({{A45C254E-DF1C-4EFD-8020-67D146A850E0}, 6}) failed: 요소가 없습니다. (0x490)
7월 21, 2022 18:29:50.998 [10864:14440:0721/182950.998:ERROR:device_event_log_impl.cc(214)] [18:29:50.998] USB: usb_service_win.cc:104 SetupDiGetDeviceProperty({{A45C254E-DF1C-4EFD-8020-67D146A850E0}, 6}) failed: 요소가 없습니다. (0x490)
7월 21, 2022 18:29:51.03 [10864:14440:0721/182951.002:ERROR:device_event_log_impl.cc(214)] [18:29:51.002] USB: usb_service_win.cc:307 SetupDiEnumDeviceInterfaces: 사용 가능한 데이터가 없습니다. (0x103)
7월 21, 2022 18:29:54.532 [10864:14440:0721/182954.532:ERROR:device_event_log_impl.cc(214)] [18:29:54.532] USB: usb_service_win.cc:104 SetupDiGetDeviceProperty({{A45C254E-DF1C-4EFD-8020-67D146A850E0}, 6}) failed: 요소가 없습니다. (0x490)
7월 21, 2022 18:29:54.541 [10864:14440:0721/182954.541:ERROR:device_event_log_impl.cc(214)] [18:29:54.541] USB: usb_service_win.cc:307 SetupDiEnumDeviceInterfaces: 사용 가능한 데이터가 없습니다. (0x103)
7월 21, 2022 18:30:03.03 [10864:14440:0721/183003.003:ERROR:device_event_log_impl.cc(214)] [18:30:03.003] USB: usb_service_win.cc:104 SetupDiGetDeviceProperty({{A45C254E-DF1C-4EFD-8020-67D146A850E0}, 6}) failed: 요소가 없습니다. (0x490)
7월 21, 2022 18:30:03.07 [10864:14440:0721/183003.007:ERROR:device_event_log_impl.cc(214)] [18:30:03.007] USB: usb_service_win.cc:307 SetupDiEnumDeviceInterfaces: 사용 가능한 데이터가 없습니다. (0x103)
7월 21, 2022 18:30:11.575 [10864:14440:0721/183011.575:ERROR:device_event_log_impl.cc(214)] [18:30:11.575] USB: usb_service_win.cc:104 SetupDiGetDeviceProperty({{A45C254E-DF1C-4EFD-8020-67D146A850E0}, 6}) failed: 요소가 없습니다. (0x490)
7월 21, 2022 18:30:11.580 [10864:14440:0721/183011.579:ERROR:device_event_log_impl.cc(214)] [18:30:11.579] USB: usb_service_win.cc:307 SetupDiEnumDeviceInterfaces: 사용 가능한 데이터가 없습니다. (0x103)
7월 21, 2022 18:36:19.981 [12240:12716:0721/183619.981:ERROR:device_event_log_impl.cc(214)] [18:36:19.982] USB: usb_device_handle_win.cc:1048 Failed to read descriptor from node connection: 시스템에 부착된 장치가 작동하지 않습니다. (0x1F)
7월 21, 2022 18:36:19.982 [12240:12716:0721/183619.981:ERROR:device_event_log_impl.cc(214)] [18:36:19.982] USB: usb_device_handle_win.cc:1048 Failed to read descriptor from node connection: 시스템에 부착된 장치가 작동하지 않습니다. (0x1F)
7월 21, 2022 18:41:08.801 [9180:7436:0721/184108.801:ERROR:device_event_log_impl.cc(214)] [18:41:08.801] USB: usb_device_handle_win.cc:1048 Failed to read descriptor from node connection: 시스템에 부착된 장치가 작동하지 않습니다. (0x1F)
7월 21, 2022 18:41:08.802 [9180:7436:0721/184108.801:ERROR:device_event_log_impl.cc(214)] [18:41:08.802] USB: usb_device_handle_win.cc:1048 Failed to read descriptor from node connection: 시스템에 부착된 장치가 작동하지 않습니다. (0x1F)
7월 21, 2022 18:44:38.328 [2984:4484:0721/184438.328:ERROR:device_event_log_impl.cc(214)] [18:44:38.328] USB: usb_device_handle_win.cc:1048 Failed to read descriptor from node connection: 시스템에 부착된 장치가 작동하지 않습니다. (0x1F)
7월 21, 2022 18:44:38.328 [2984:4484:0721/184438.328:ERROR:device_event_log_impl.cc(214)] [18:44:38.328] USB: usb_device_handle_win.cc:1048 Failed to read descriptor from node connection: 시스템에 부착된 장치가 작동하지 않습니다. (0x1F)
7월 21, 2022 18:44:58.527 [13492:15932:0721/184458.526:ERROR:device_event_log_impl.cc(214)] [18:44:58.526] USB: usb_device_handle_win.cc:1048 Failed to read descriptor from node connection: 시스템에 부착된 장치가 작동하지 않습니다. (0x1F)
7월 21, 2022 18:44:58.527 [13492:15932:0721/184458.527:ERROR:device_event_log_impl.cc(214)] [18:44:58.527] USB: usb_device_handle_win.cc:1048 Failed to read descriptor from node connection: 시스템에 부착된 장치가 작동하지 않습니다. (0x1F)
7월 21, 2022 18:48:33.711 [9920:9852:0721/184833.711:ERROR:device_event_log_impl.cc(214)] [18:48:33.711] USB: usb_device_handle_win.cc:1048 Failed to read descriptor from node connection: 시스템에 부착된 장치가 작동하지 않습니다. (0x1F)
7월 21, 2022 18:48:33.711 [9920:9852:0721/184833.711:ERROR:device_event_log_impl.cc(214)] [18:48:33.711] USB: usb_device_handle_win.cc:1048 Failed to read descriptor from node connection: 시스템에 부착된 장치가 작동하지 않습니다. (0x1F)
7월 21, 2022 18:48:53.45 [4236:2584:0721/184853.044:ERROR:device_event_log_impl.cc(214)] [18:48:53.045] USB: usb_device_handle_win.cc:1048 Failed to read descriptor from node connection: 시스템에 부착된 장치가 작동하지 않습니다. (0x1F)
7월 21, 2022 18:48:53.45 [4236:2584:0721/184853.045:ERROR:device_event_log_impl.cc(214)] [18:48:53.045] USB: usb_device_handle_win.cc:1048 Failed to read descriptor from node connection: 시스템에 부착된 장치가 작동하지 않습니다. (0x1F)
7월 21, 2022 18:50:07.984 [1820:9908:0721/185007.984:ERROR:device_event_log_impl.cc(214)] [18:50:07.984] USB: usb_device_handle_win.cc:1048 Failed to read descriptor from node connection: 시스템에 부착된 장치가 작동하지 않습니다. (0x1F)
7월 21, 2022 18:50:07.985 [1820:9908:0721/185007.984:ERROR:device_event_log_impl.cc(214)] [18:50:07.984] USB: usb_device_handle_win.cc:1048 Failed to read descriptor from node connection: 시스템에 부착된 장치가 작동하지 않습니다. (0x1F)
7월 21, 2022 18:51:53.729 [15392:760:0721/185153.728:ERROR:device_event_log_impl.cc(214)] [18:51:53.729] USB: usb_device_handle_win.cc:1048 Failed to read descriptor from node connection: 시스템에 부착된 장치가 작동하지 않습니다. (0x1F)
7월 21, 2022 18:51:53.729 [15392:760:0721/185153.729:ERROR:device_event_log_impl.cc(214)] [18:51:53.729] USB: usb_device_handle_win.cc:1048 Failed to read descriptor from node connection: 시스템에 부착된 장치가 작동하지 않습니다. (0x1F)
7월 21, 2022 18:54:04.830 [4956:11024:0721/185404.830:ERROR:device_event_log_impl.cc(214)] [18:54:04.829] USB: usb_device_handle_win.cc:1048 Failed to read descriptor from node connection: 시스템에 부착된 장치가 작동하지 않습니다. (0x1F)
7월 21, 2022 18:54:04.830 [4956:11024:0721/185404.830:ERROR:device_event_log_impl.cc(214)] [18:54:04.830] USB: usb_device_handle_win.cc:1048 Failed to read descriptor from node connection: 시스템에 부착된 장치가 작동하지 않습니다. (0x1F)
7월 21, 2022 18:59:19.296 [6732:15888:0721/185919.296:ERROR:device_event_log_impl.cc(214)] [18:59:19.297] USB: usb_device_handle_win.cc:1048 Failed to read descriptor from node connection: 시스템에 부착된 장치가 작동하지 않습니다. (0x1F)
7월 21, 2022 18:59:19.297 [6732:15888:0721/185919.297:ERROR:device_event_log_impl.cc(214)] [18:59:19.297] USB: usb_device_handle_win.cc:1048 Failed to read descriptor from node connection: 시스템에 부착된 장치가 작동하지 않습니다. (0x1F)
7월 21, 2022 19:05:48.295 [15192:8372:0721/190548.295:ERROR:device_event_log_impl.cc(214)] [19:05:48.295] USB: usb_device_handle_win.cc:1048 Failed to read descriptor from node connection: 시스템에 부착된 장치가 작동하지 않습니다. (0x1F)
7월 21, 2022 19:05:48.296 [15192:8372:0721/190548.296:ERROR:device_event_log_impl.cc(214)] [19:05:48.296] USB: usb_device_handle_win.cc:1048 Failed to read descriptor from node connection: 시스템에 부착된 장치가 작동하지 않습니다. (0x1F)
7월 21, 2022 19:08:22.175 [5200:14300:0721/190822.175:ERROR:device_event_log_impl.cc(214)] [19:08:22.175] USB: usb_device_handle_win.cc:1048 Failed to read descriptor from node connection: 시스템에 부착된 장치가 작동하지 않습니다. (0x1F)
7월 21, 2022 19:08:22.176 [5200:14300:0721/190822.176:ERROR:device_event_log_impl.cc(214)] [19:08:22.176] USB: usb_device_handle_win.cc:1048 Failed to read descriptor from node connection: 시스템에 부착된 장치가 작동하지 않습니다. (0x1F)
7월 21, 2022 19:10:06.594 [4412:11248:0721/191006.594:ERROR:device_event_log_impl.cc(214)] [19:10:06.594] USB: usb_device_handle_win.cc:1048 Failed to read descriptor from node connection: 시스템에 부착된 장치가 작동하지 않습니다. (0x1F)
7월 21, 2022 19:10:06.594 [4412:11248:0721/191006.594:ERROR:device_event_log_impl.cc(214)] [19:10:06.594] USB: usb_device_handle_win.cc:1048 Failed to read descriptor from node connection: 시스템에 부착된 장치가 작동하지 않습니다. (0x1F)
7월 21, 2022 19:10:41.392 [1716:2276:0721/191041.392:ERROR:device_event_log_impl.cc(214)] [19:10:41.392] USB: usb_device_handle_win.cc:1048 Failed to read descriptor from node connection: 시스템에 부착된 장치가 작동하지 않습니다. (0x1F)
7월 21, 2022 19:10:41.393 [1716:2276:0721/191041.393:ERROR:device_event_log_impl.cc(214)] [19:10:41.393] USB: usb_device_handle_win.cc:1048 Failed to read descriptor from node connection: 시스템에 부착된 장치가 작동하지 않습니다. (0x1F)
7월 21, 2022 19:11:28.576 [14304:14860:0721/191128.575:ERROR:device_event_log_impl.cc(214)] [19:11:28.576] USB: usb_device_handle_win.cc:1048 Failed to read descriptor from node connection: 시스템에 부착된 장치가 작동하지 않습니다. (0x1F)
7월 21, 2022 19:11:28.576 [14304:14860:0721/191128.576:ERROR:device_event_log_impl.cc(214)] [19:11:28.576] USB: usb_device_handle_win.cc:1048 Failed to read descriptor from node connection: 시스템에 부착된 장치가 작동하지 않습니다. (0x1F)
7월 21, 2022 19:12:32.167 [14844:9172:0721/191232.167:ERROR:device_event_log_impl.cc(214)] [19:12:32.167] USB: usb_device_handle_win.cc:1048 Failed to read descriptor from node connection: 시스템에 부착된 장치가 작동하지 않습니다. (0x1F)
7월 21, 2022 19:12:32.167 [14844:9172:0721/191232.167:ERROR:device_event_log_impl.cc(214)] [19:12:32.168] USB: usb_device_handle_win.cc:1048 Failed to read descriptor from node connection: 시스템에 부착된 장치가 작동하지 않습니다. (0x1F)
7월 21, 2022 19:15:32.833 [8668:15912:0721/191532.833:ERROR:device_event_log_impl.cc(214)] [19:15:32.833] USB: usb_device_handle_win.cc:1048 Failed to read descriptor from node connection: 시스템에 부착된 장치가 작동하지 않습니다. (0x1F)
7월 21, 2022 19:15:32.833 [8668:15912:0721/191532.833:ERROR:device_event_log_impl.cc(214)] [19:15:32.833] USB: usb_device_handle_win.cc:1048 Failed to read descriptor from node connection: 시스템에 부착된 장치가 작동하지 않습니다. (0x1F)
7월 21, 2022 19:17:06.760 [15552:14776:0721/191706.760:ERROR:device_event_log_impl.cc(214)] [19:17:06.760] USB: usb_device_handle_win.cc:1048 Failed to read descriptor from node connection: 시스템에 부착된 장치가 작동하지 않습니다. (0x1F)
7월 21, 2022 19:17:06.760 [15552:14776:0721/191706.760:ERROR:device_event_log_impl.cc(214)] [19:17:06.760] USB: usb_device_handle_win.cc:1048 Failed to read descriptor from node connection: 시스템에 부착된 장치가 작동하지 않습니다. (0x1F)
7월 21, 2022 19:18:52.862 [11924:2244:0721/191852.862:ERROR:device_event_log_impl.cc(214)] [19:18:52.862] USB: usb_device_handle_win.cc:1048 Failed to read descriptor from node connection: 시스템에 부착된 장치가 작동하지 않습니다. (0x1F)
7월 21, 2022 19:18:52.862 [11924:2244:0721/191852.862:ERROR:device_event_log_impl.cc(214)] [19:18:52.862] USB: usb_device_handle_win.cc:1048 Failed to read descriptor from node connection: 시스템에 부착된 장치가 작동하지 않습니다. (0x1F)
7월 21, 2022 19:24:26.795 [11412:13264:0721/192426.795:ERROR:device_event_log_impl.cc(214)] [19:24:26.795] USB: usb_device_handle_win.cc:1048 Failed to read descriptor from node connection: 시스템에 부착된 장치가 작동하지 않습니다. (0x1F)
7월 21, 2022 19:24:26.796 [11412:13264:0721/192426.795:ERROR:device_event_log_impl.cc(214)] [19:24:26.795] USB: usb_device_handle_win.cc:1048 Failed to read descriptor from node connection: 시스템에 부착된 장치가 작동하지 않습니다. (0x1F)
7월 21, 2022 19:25:18.899 [10948:5248:0721/192518.899:ERROR:device_event_log_impl.cc(214)] [19:25:18.900] USB: usb_device_handle_win.cc:1048 Failed to read descriptor from node connection: 시스템에 부착된 장치가 작동하지 않습니다. (0x1F)
7월 21, 2022 19:25:18.901 [10948:5248:0721/192518.900:ERROR:device_event_log_impl.cc(214)] [19:25:18.901] USB: usb_device_handle_win.cc:1048 Failed to read descriptor from node connection: 시스템에 부착된 장치가 작동하지 않습니다. (0x1F)
7월 21, 2022 19:27:32.527 [14652:4204:0721/192732.527:ERROR:device_event_log_impl.cc(214)] [19:27:32.527] USB: usb_device_handle_win.cc:1048 Failed to read descriptor from node connection: 시스템에 부착된 장치가 작동하지 않습니다. (0x1F)
7월 21, 2022 19:27:32.527 [14652:4204:0721/192732.527:ERROR:device_event_log_impl.cc(214)] [19:27:32.527] USB: usb_device_handle_win.cc:1048 Failed to read descriptor from node connection: 시스템에 부착된 장치가 작동하지 않습니다. (0x1F)
7월 21, 2022 19:40:00.264 [4876:2436:0721/194000.264:ERROR:device_event_log_impl.cc(214)] [19:40:00.264] USB: usb_device_handle_win.cc:1048 Failed to read descriptor from node connection: 시스템에 부착된 장치가 작동하지 않습니다. (0x1F)
7월 21, 2022 19:40:00.264 [4876:2436:0721/194000.264:ERROR:device_event_log_impl.cc(214)] [19:40:00.264] USB: usb_device_handle_win.cc:1048 Failed to read descriptor from node connection: 시스템에 부착된 장치가 작동하지 않습니다. (0x1F)
7월 21, 2022 19:41:40.357 [8996:11252:0721/194140.357:ERROR:device_event_log_impl.cc(214)] [19:41:40.357] USB: usb_device_handle_win.cc:1048 Failed to read descriptor from node connection: 시스템에 부착된 장치가 작동하지 않습니다. (0x1F)
7월 21, 2022 19:41:40.357 [8996:11252:0721/194140.357:ERROR:device_event_log_impl.cc(214)] [19:41:40.357] USB: usb_device_handle_win.cc:1048 Failed to read descriptor from node connection: 시스템에 부착된 장치가 작동하지 않습니다. (0x1F)
7월 21, 2022 19:43:12.735 [3852:10460:0721/194312.735:ERROR:device_event_log_impl.cc(214)] [19:43:12.735] USB: usb_device_handle_win.cc:1048 Failed to read descriptor from node connection: 시스템에 부착된 장치가 작동하지 않습니다. (0x1F)
7월 21, 2022 19:43:12.736 [3852:10460:0721/194312.736:ERROR:device_event_log_impl.cc(214)] [19:43:12.736] USB: usb_device_handle_win.cc:1048 Failed to read descriptor from node connection: 시스템에 부착된 장치가 작동하지 않습니다. (0x1F)
7월 21, 2022 19:45:27.506 [8700:5340:0721/194527.506:ERROR:device_event_log_impl.cc(214)] [19:45:27.506] USB: usb_device_handle_win.cc:1048 Failed to read descriptor from node connection: 시스템에 부착된 장치가 작동하지 않습니다. (0x1F)
7월 21, 2022 19:45:27.506 [8700:5340:0721/194527.506:ERROR:device_event_log_impl.cc(214)] [19:45:27.506] USB: usb_device_handle_win.cc:1048 Failed to read descriptor from node connection: 시스템에 부착된 장치가 작동하지 않습니다. (0x1F)
7월 21, 2022 19:46:12.613 [3180:15128:0721/194612.613:ERROR:device_event_log_impl.cc(214)] [19:46:12.613] USB: usb_device_handle_win.cc:1048 Failed to read descriptor from node connection: 시스템에 부착된 장치가 작동하지 않습니다. (0x1F)
7월 21, 2022 19:46:12.614 [3180:15128:0721/194612.614:ERROR:device_event_log_impl.cc(214)] [19:46:12.613] USB: usb_device_handle_win.cc:1048 Failed to read descriptor from node connection: 시스템에 부착된 장치가 작동하지 않습니다. (0x1F)
7월 21, 2022 19:46:28.847 [14096:10392:0721/194628.847:ERROR:device_event_log_impl.cc(214)] [19:46:28.847] USB: usb_device_handle_win.cc:1048 Failed to read descriptor from node connection: 시스템에 부착된 장치가 작동하지 않습니다. (0x1F)
7월 21, 2022 19:46:28.847 [14096:10392:0721/194628.847:ERROR:device_event_log_impl.cc(214)] [19:46:28.847] USB: usb_device_handle_win.cc:1048 Failed to read descriptor from node connection: 시스템에 부착된 장치가 작동하지 않습니다. (0x1F)
7월 21, 2022 19:55:12.767 [6872:12828:0721/195512.767:ERROR:device_event_log_impl.cc(214)] [19:55:12.767] USB: usb_device_handle_win.cc:1048 Failed to read descriptor from node connection: 시스템에 부착된 장치가 작동하지 않습니다. (0x1F)
7월 21, 2022 19:55:12.768 [6872:12828:0721/195512.768:ERROR:device_event_log_impl.cc(214)] [19:55:12.768] USB: usb_device_handle_win.cc:1048 Failed to read descriptor from node connection: 시스템에 부착된 장치가 작동하지 않습니다. (0x1F)
7월 21, 2022 19:58:47.196 [6872:12828:0721/195847.195:ERROR:interface_endpoint_client.cc(665)] Message 0 rejected by interface blink.mojom.WidgetHost
7월 21, 2022 20:00:36.796 [9400:13924:0721/200036.795:ERROR:device_event_log_impl.cc(214)] [20:00:36.795] USB: usb_device_handle_win.cc:1048 Failed to read descriptor from node connection: 시스템에 부착된 장치가 작동하지 않습니다. (0x1F)
7월 21, 2022 20:00:36.796 [9400:13924:0721/200036.796:ERROR:device_event_log_impl.cc(214)] [20:00:36.796] USB: usb_device_handle_win.cc:1048 Failed to read descriptor from node connection: 시스템에 부착된 장치가 작동하지 않습니다. (0x1F)
7월 21, 2022 20:00:45.481 [9400:4616:0721/200045.481:ERROR:connection_factory_impl.cc(425)] Failed to connect to MCS endpoint with error -105
7월 21, 2022 20:00:48.487 [9400:4616:0721/200048.486:ERROR:connection_factory_impl.cc(425)] Failed to connect to MCS endpoint with error -106
7월 21, 2022 20:02:10.163 [9400:13924:0721/200210.163:ERROR:interface_endpoint_client.cc(665)] Message 0 rejected by interface blink.mojom.WidgetHost
7월 21, 2022 20:08:51.243 [9932:11244:0721/200851.243:ERROR:device_event_log_impl.cc(214)] [20:08:51.243] USB: usb_device_handle_win.cc:1048 Failed to read descriptor from node connection: 시스템에 부착된 장치가 작동하지 않습니다. (0x1F)
7월 21, 2022 20:08:51.244 [9932:11244:0721/200851.244:ERROR:device_event_log_impl.cc(214)] [20:08:51.244] USB: usb_device_handle_win.cc:1048 Failed to read descriptor from node connection: 시스템에 부착된 장치가 작동하지 않습니다. (0x1F)
7월 21, 2022 22:13:19.182 [9932:11244:0721/221319.182:ERROR:device_event_log_impl.cc(214)] [22:13:19.181] USB: usb_service_win.cc:104 SetupDiGetDeviceProperty({{A45C254E-DF1C-4EFD-8020-67D146A850E0}, 6}) failed: 요소가 없습니다. (0x490)
7월 21, 2022 22:13:19.186 [9932:11244:0721/221319.186:ERROR:device_event_log_impl.cc(214)] [22:13:19.185] USB: usb_service_win.cc:307 SetupDiEnumDeviceInterfaces: 사용 가능한 데이터가 없습니다. (0x103)
7월 21, 2022 22:13:21.373 [9932:11244:0721/221321.373:ERROR:device_event_log_impl.cc(214)] [22:13:21.372] USB: usb_service_win.cc:104 SetupDiGetDeviceProperty({{A45C254E-DF1C-4EFD-8020-67D146A850E0}, 6}) failed: 요소가 없습니다. (0x490)
7월 21, 2022 22:13:21.376 [9932:11244:0721/221321.376:ERROR:device_event_log_impl.cc(214)] [22:13:21.375] USB: usb_service_win.cc:307 SetupDiEnumDeviceInterfaces: 사용 가능한 데이터가 없습니다. (0x103)
7월 21, 2022 22:13:39.320 [9932:11244:0721/221339.319:ERROR:device_event_log_impl.cc(214)] [22:13:39.318] USB: usb_service_win.cc:104 SetupDiGetDeviceProperty({{A45C254E-DF1C-4EFD-8020-67D146A850E0}, 6}) failed: 요소가 없습니다. (0x490)
7월 21, 2022 22:13:39.323 [9932:11244:0721/221339.323:ERROR:device_event_log_impl.cc(214)] [22:13:39.322] USB: usb_service_win.cc:307 SetupDiEnumDeviceInterfaces: 사용 가능한 데이터가 없습니다. (0x103)
7월 21, 2022 22:13:58.187 [7680:14232:0721/221358.187:ERROR:device_event_log_impl.cc(214)] [22:13:58.188] USB: usb_device_handle_win.cc:1048 Failed to read descriptor from node connection: 시스템에 부착된 장치가 작동하지 않습니다. (0x1F)
7월 21, 2022 22:13:58.188 [7680:14232:0721/221358.187:ERROR:device_event_log_impl.cc(214)] [22:13:58.188] USB: usb_device_handle_win.cc:1048 Failed to read descriptor from node connection: 시스템에 부착된 장치가 작동하지 않습니다. (0x1F)
7월 21, 2022 22:16:04.671 [1584:2828:0721/221604.671:ERROR:device_event_log_impl.cc(214)] [22:16:04.671] USB: usb_device_handle_win.cc:1048 Failed to read descriptor from node connection: 시스템에 부착된 장치가 작동하지 않습니다. (0x1F)
7월 21, 2022 22:16:04.672 [1584:2828:0721/221604.671:ERROR:device_event_log_impl.cc(214)] [22:16:04.672] USB: usb_device_handle_win.cc:1048 Failed to read descriptor from node connection: 시스템에 부착된 장치가 작동하지 않습니다. (0x1F)
7월 21, 2022 22:17:07.493 [14472:4984:0721/221707.492:ERROR:device_event_log_impl.cc(214)] [22:17:07.492] USB: usb_device_handle_win.cc:1048 Failed to read descriptor from node connection: 시스템에 부착된 장치가 작동하지 않습니다. (0x1F)
7월 21, 2022 22:17:07.493 [14472:4984:0721/221707.493:ERROR:device_event_log_impl.cc(214)] [22:17:07.493] USB: usb_device_handle_win.cc:1048 Failed to read descriptor from node connection: 시스템에 부착된 장치가 작동하지 않습니다. (0x1F)
7월 21, 2022 22:18:10.201 [16296:11820:0721/221810.200:ERROR:device_event_log_impl.cc(214)] [22:18:10.201] USB: usb_device_handle_win.cc:1048 Failed to read descriptor from node connection: 시스템에 부착된 장치가 작동하지 않습니다. (0x1F)
7월 21, 2022 22:18:10.201 [16296:11820:0721/221810.201:ERROR:device_event_log_impl.cc(214)] [22:18:10.201] USB: usb_device_handle_win.cc:1048 Failed to read descriptor from node connection: 시스템에 부착된 장치가 작동하지 않습니다. (0x1F)
7월 21, 2022 22:23:45.234 [16296:11820:0721/222345.234:ERROR:device_event_log_impl.cc(214)] [22:23:45.235] USB: usb_service_win.cc:104 SetupDiGetDeviceProperty({{A45C254E-DF1C-4EFD-8020-67D146A850E0}, 6}) failed: 요소가 없습니다. (0x490)
7월 21, 2022 22:23:45.243 [16296:11820:0721/222345.243:ERROR:device_event_log_impl.cc(214)] [22:23:45.242] USB: usb_service_win.cc:307 SetupDiEnumDeviceInterfaces: 사용 가능한 데이터가 없습니다. (0x103)
7월 21, 2022 22:23:46.432 [16296:11820:0721/222346.431:ERROR:device_event_log_impl.cc(214)] [22:23:46.432] USB: usb_service_win.cc:104 SetupDiGetDeviceProperty({{A45C254E-DF1C-4EFD-8020-67D146A850E0}, 6}) failed: 요소가 없습니다. (0x490)
7월 21, 2022 22:23:46.441 [16296:11820:0721/222346.441:ERROR:device_event_log_impl.cc(214)] [22:23:46.441] USB: usb_service_win.cc:307 SetupDiEnumDeviceInterfaces: 사용 가능한 데이터가 없습니다. (0x103)
7월 21, 2022 22:28:01.680 [15560:13892:0721/222801.680:ERROR:device_event_log_impl.cc(214)] [22:28:01.680] USB: usb_device_handle_win.cc:1048 Failed to read descriptor from node connection: 시스템에 부착된 장치가 작동하지 않습니다. (0x1F)
7월 21, 2022 22:28:01.680 [15560:13892:0721/222801.680:ERROR:device_event_log_impl.cc(214)] [22:28:01.680] USB: usb_device_handle_win.cc:1048 Failed to read descriptor from node connection: 시스템에 부착된 장치가 작동하지 않습니다. (0x1F)
7월 21, 2022 22:29:36.742 [15560:13892:0721/222936.742:ERROR:device_event_log_impl.cc(214)] [22:29:36.741] USB: usb_service_win.cc:104 SetupDiGetDeviceProperty({{A45C254E-DF1C-4EFD-8020-67D146A850E0}, 6}) failed: 요소가 없습니다. (0x490)
7월 21, 2022 22:29:36.746 [15560:13892:0721/222936.746:ERROR:device_event_log_impl.cc(214)] [22:29:36.745] USB: usb_service_win.cc:307 SetupDiEnumDeviceInterfaces: 사용 가능한 데이터가 없습니다. (0x103)
7월 21, 2022 22:29:39.44 [15560:13892:0721/222939.044:ERROR:device_event_log_impl.cc(214)] [22:29:39.043] USB: usb_service_win.cc:104 SetupDiGetDeviceProperty({{A45C254E-DF1C-4EFD-8020-67D146A850E0}, 6}) failed: 요소가 없습니다. (0x490)
7월 21, 2022 22:29:39.47 [15560:13892:0721/222939.047:ERROR:device_event_log_impl.cc(214)] [22:29:39.047] USB: usb_service_win.cc:307 SetupDiEnumDeviceInterfaces: 사용 가능한 데이터가 없습니다. (0x103)
7월 21, 2022 22:29:41.771 [15560:13892:0721/222941.770:ERROR:device_event_log_impl.cc(214)] [22:29:41.770] USB: usb_service_win.cc:104 SetupDiGetDeviceProperty({{A45C254E-DF1C-4EFD-8020-67D146A850E0}, 6}) failed: 요소가 없습니다. (0x490)
7월 21, 2022 22:29:41.776 [15560:13892:0721/222941.776:ERROR:device_event_log_impl.cc(214)] [22:29:41.776] USB: usb_service_win.cc:307 SetupDiEnumDeviceInterfaces: 사용 가능한 데이터가 없습니다. (0x103)
7월 21, 2022 22:29:43.227 [15560:13892:0721/222943.227:ERROR:device_event_log_impl.cc(214)] [22:29:43.227] USB: usb_service_win.cc:104 SetupDiGetDeviceProperty({{A45C254E-DF1C-4EFD-8020-67D146A850E0}, 6}) failed: 요소가 없습니다. (0x490)
7월 21, 2022 22:29:43.232 [15560:13892:0721/222943.231:ERROR:device_event_log_impl.cc(214)] [22:29:43.231] USB: usb_service_win.cc:307 SetupDiEnumDeviceInterfaces: 사용 가능한 데이터가 없습니다. (0x103)
7월 21, 2022 22:29:47.19 [15560:13892:0721/222947.019:ERROR:device_event_log_impl.cc(214)] [22:29:47.019] USB: usb_service_win.cc:104 SetupDiGetDeviceProperty({{A45C254E-DF1C-4EFD-8020-67D146A850E0}, 6}) failed: 요소가 없습니다. (0x490)
7월 21, 2022 22:29:47.23 [15560:13892:0721/222947.023:ERROR:device_event_log_impl.cc(214)] [22:29:47.023] USB: usb_service_win.cc:307 SetupDiEnumDeviceInterfaces: 사용 가능한 데이터가 없습니다. (0x103)
7월 21, 2022 22:29:54.00 [15560:13892:0721/222954.000:ERROR:interface_endpoint_client.cc(665)] Message 0 rejected by interface blink.mojom.WidgetHost
7월 21, 2022 22:30:55.210 [15560:13892:0721/223055.210:ERROR:interface_endpoint_client.cc(665)] Message 0 rejected by interface blink.mojom.WidgetHost
7월 21, 2022 22:31:12.812 [15560:13892:0721/223112.812:ERROR:interface_endpoint_client.cc(665)] Message 0 rejected by interface blink.mojom.WidgetHost
7월 21, 2022 22:31:24.492 [15560:13892:0721/223124.491:ERROR:interface_endpoint_client.cc(665)] Message 0 rejected by interface blink.mojom.WidgetHost
7월 21, 2022 22:32:53.378 [15560:13892:0721/223253.378:ERROR:interface_endpoint_client.cc(665)] Message 0 rejected by interface blink.mojom.WidgetHost
7월 21, 2022 22:32:58.360 [15560:13892:0721/223258.360:ERROR:interface_endpoint_client.cc(665)] Message 0 rejected by interface blink.mojom.WidgetHost
7월 21, 2022 22:35:46.472 [7928:11696:0721/223546.472:ERROR:device_event_log_impl.cc(214)] [22:35:46.472] USB: usb_device_handle_win.cc:1048 Failed to read descriptor from node connection: 시스템에 부착된 장치가 작동하지 않습니다. (0x1F)
7월 21, 2022 22:35:46.472 [7928:11696:0721/223546.472:ERROR:device_event_log_impl.cc(214)] [22:35:46.472] USB: usb_device_handle_win.cc:1048 Failed to read descriptor from node connection: 시스템에 부착된 장치가 작동하지 않습니다. (0x1F)
7월 21, 2022 23:06:30.702 [11340:7680:0721/230630.702:ERROR:device_event_log_impl.cc(214)] [23:06:30.702] USB: usb_device_handle_win.cc:1048 Failed to read descriptor from node connection: 시스템에 부착된 장치가 작동하지 않습니다. (0x1F)
7월 21, 2022 23:06:30.702 [11340:7680:0721/230630.702:ERROR:device_event_log_impl.cc(214)] [23:06:30.702] USB: usb_device_handle_win.cc:1048 Failed to read descriptor from node connection: 시스템에 부착된 장치가 작동하지 않습니다. (0x1F)
7월 21, 2022 23:08:37.698 [8832:1296:0721/230837.698:ERROR:device_event_log_impl.cc(214)] [23:08:37.698] USB: usb_device_handle_win.cc:1048 Failed to read descriptor from node connection: 시스템에 부착된 장치가 작동하지 않습니다. (0x1F)
7월 21, 2022 23:08:37.698 [8832:1296:0721/230837.698:ERROR:device_event_log_impl.cc(214)] [23:08:37.699] USB: usb_device_handle_win.cc:1048 Failed to read descriptor from node connection: 시스템에 부착된 장치가 작동하지 않습니다. (0x1F)
7월 21, 2022 23:17:55.818 [13844:9908:0721/231755.817:ERROR:device_event_log_impl.cc(214)] [23:17:55.817] USB: usb_device_handle_win.cc:1048 Failed to read descriptor from node connection: 시스템에 부착된 장치가 작동하지 않습니다. (0x1F)
7월 21, 2022 23:17:55.818 [13844:9908:0721/231755.818:ERROR:device_event_log_impl.cc(214)] [23:17:55.818] USB: usb_device_handle_win.cc:1048 Failed to read descriptor from node connection: 시스템에 부착된 장치가 작동하지 않습니다. (0x1F)
7월 21, 2022 23:20:00.840 [2928:10032:0721/232000.840:ERROR:device_event_log_impl.cc(214)] [23:20:00.840] USB: usb_device_handle_win.cc:1048 Failed to read descriptor from node connection: 시스템에 부착된 장치가 작동하지 않습니다. (0x1F)
7월 21, 2022 23:20:00.840 [2928:10032:0721/232000.840:ERROR:device_event_log_impl.cc(214)] [23:20:00.840] USB: usb_device_handle_win.cc:1048 Failed to read descriptor from node connection: 시스템에 부착된 장치가 작동하지 않습니다. (0x1F)
7월 21, 2022 23:22:15.495 [7204:15840:0721/232215.495:ERROR:device_event_log_impl.cc(214)] [23:22:15.495] USB: usb_device_handle_win.cc:1048 Failed to read descriptor from node connection: 시스템에 부착된 장치가 작동하지 않습니다. (0x1F)
7월 21, 2022 23:22:15.495 [7204:15840:0721/232215.495:ERROR:device_event_log_impl.cc(214)] [23:22:15.495] USB: usb_device_handle_win.cc:1048 Failed to read descriptor from node connection: 시스템에 부착된 장치가 작동하지 않습니다. (0x1F)
7월 21, 2022 23:23:07.654 [8164:6316:0721/232307.654:ERROR:device_event_log_impl.cc(214)] [23:23:07.654] USB: usb_device_handle_win.cc:1048 Failed to read descriptor from node connection: 시스템에 부착된 장치가 작동하지 않습니다. (0x1F)
7월 21, 2022 23:23:07.655 [8164:6316:0721/232307.655:ERROR:device_event_log_impl.cc(214)] [23:23:07.655] USB: usb_device_handle_win.cc:1048 Failed to read descriptor from node connection: 시스템에 부착된 장치가 작동하지 않습니다. (0x1F)
7월 21, 2022 23:24:04.899 [8164:6316:0721/232404.899:ERROR:interface_endpoint_client.cc(665)] Message 0 rejected by interface blink.mojom.WidgetHost
7월 21, 2022 23:28:21.489 [8464:11572:0721/232821.489:ERROR:device_event_log_impl.cc(214)] [23:28:21.489] USB: usb_device_handle_win.cc:1048 Failed to read descriptor from node connection: 시스템에 부착된 장치가 작동하지 않습니다. (0x1F)
7월 21, 2022 23:28:21.489 [8464:11572:0721/232821.489:ERROR:device_event_log_impl.cc(214)] [23:28:21.489] USB: usb_device_handle_win.cc:1048 Failed to read descriptor from node connection: 시스템에 부착된 장치가 작동하지 않습니다. (0x1F)
7월 21, 2022 23:35:16.985 [15880:10820:0721/233516.985:ERROR:device_event_log_impl.cc(214)] [23:35:16.985] USB: usb_device_handle_win.cc:1048 Failed to read descriptor from node connection: 시스템에 부착된 장치가 작동하지 않습니다. (0x1F)
7월 21, 2022 23:35:16.985 [15880:10820:0721/233516.985:ERROR:device_event_log_impl.cc(214)] [23:35:16.985] USB: usb_device_handle_win.cc:1048 Failed to read descriptor from node connection: 시스템에 부착된 장치가 작동하지 않습니다. (0x1F)

7월 21, 2022 23:36:49.277 NEW SESSION
7월 21, 2022 23:36:49.277 [7524:11112:0721/233649.275:ERROR:device_event_log_impl.cc(214)] [23:36:49.275] USB: usb_device_handle_win.cc:1048 Failed to read descriptor from node connection: 시스템에 부착된 장치가 작동하지 않습니다. (0x1F)
7월 21, 2022 23:36:49.279 [7524:11112:0721/233649.276:ERROR:device_event_log_impl.cc(214)] [23:36:49.276] USB: usb_device_handle_win.cc:1048 Failed to read descriptor from node connection: 시스템에 부착된 장치가 작동하지 않습니다. (0x1F)
7월 21, 2022 23:38:39.585 [10456:10164:0721/233839.585:ERROR:device_event_log_impl.cc(214)] [23:38:39.585] USB: usb_device_handle_win.cc:1048 Failed to read descriptor from node connection: 시스템에 부착된 장치가 작동하지 않습니다. (0x1F)
7월 21, 2022 23:38:39.586 [10456:10164:0721/233839.586:ERROR:device_event_log_impl.cc(214)] [23:38:39.586] USB: usb_device_handle_win.cc:1048 Failed to read descriptor from node connection: 시스템에 부착된 장치가 작동하지 않습니다. (0x1F)
7월 21, 2022 23:52:45.158 [14940:10964:0721/235245.157:ERROR:device_event_log_impl.cc(214)] [23:52:45.158] USB: usb_device_handle_win.cc:1048 Failed to read descriptor from node connection: 시스템에 부착된 장치가 작동하지 않습니다. (0x1F)
7월 21, 2022 23:52:45.158 [14940:10964:0721/235245.158:ERROR:device_event_log_impl.cc(214)] [23:52:45.158] USB: usb_device_handle_win.cc:1048 Failed to read descriptor from node connection: 시스템에 부착된 장치가 작동하지 않습니다. (0x1F)
7월 21, 2022 23:59:09.193 [2300:14912:0721/235909.193:ERROR:device_event_log_impl.cc(214)] [23:59:09.193] USB: usb_device_handle_win.cc:1048 Failed to read descriptor from node connection: 시스템에 부착된 장치가 작동하지 않습니다. (0x1F)
7월 21, 2022 23:59:09.194 [2300:14912:0721/235909.194:ERROR:device_event_log_impl.cc(214)] [23:59:09.193] USB: usb_device_handle_win.cc:1048 Failed to read descriptor from node connection: 시스템에 부착된 장치가 작동하지 않습니다. (0x1F)
7월 22, 2022 24:00:48.568 [5992:7508:0722/000048.568:ERROR:device_event_log_impl.cc(214)] [00:00:48.568] USB: usb_device_handle_win.cc:1048 Failed to read descriptor from node connection: 시스템에 부착된 장치가 작동하지 않습니다. (0x1F)
7월 22, 2022 24:00:48.568 [5992:7508:0722/000048.568:ERROR:device_event_log_impl.cc(214)] [00:00:48.568] USB: usb_device_handle_win.cc:1048 Failed to read descriptor from node connection: 시스템에 부착된 장치가 작동하지 않습니다. (0x1F)
7월 22, 2022 24:01:26.140 [15340:13032:0722/000126.140:ERROR:device_event_log_impl.cc(214)] [00:01:26.140] USB: usb_device_handle_win.cc:1048 Failed to read descriptor from node connection: 시스템에 부착된 장치가 작동하지 않습니다. (0x1F)
7월 22, 2022 24:01:26.140 [15340:13032:0722/000126.140:ERROR:device_event_log_impl.cc(214)] [00:01:26.140] USB: usb_device_handle_win.cc:1048 Failed to read descriptor from node connection: 시스템에 부착된 장치가 작동하지 않습니다. (0x1F)

7월 22, 2022 13:04:34.49 NEW SESSION
7월 22, 2022 13:04:34.49 [2044:15416:0722/130434.048:ERROR:device_event_log_impl.cc(214)] [13:04:34.048] USB: usb_device_handle_win.cc:1048 Failed to read descriptor from node connection: 시스템에 부착된 장치가 작동하지 않습니다. (0x1F)
7월 22, 2022 13:04:34.56 [2044:15416:0722/130434.048:ERROR:device_event_log_impl.cc(214)] [13:04:34.048] USB: usb_device_handle_win.cc:1048 Failed to read descriptor from node connection: 시스템에 부착된 장치가 작동하지 않습니다. (0x1F)
7월 22, 2022 13:04:34.57 [2044:6548:0722/130434.057:ERROR:connection_factory_impl.cc(425)] Failed to connect to MCS endpoint with error -106
7월 22, 2022 13:04:47.249 [2044:6548:0722/130447.249:ERROR:connection_factory_impl.cc(425)] Failed to connect to MCS endpoint with error -105
7월 22, 2022 13:07:17.746 [2044:6548:0722/130717.746:ERROR:connection_factory_impl.cc(425)] Failed to connect to MCS endpoint with error -105
7월 22, 2022 13:08:56.547 [2044:6548:0722/130856.547:ERROR:connection_factory_impl.cc(425)] Failed to connect to MCS endpoint with error -105
7월 22, 2022 13:10:58.66 [9980:8004:0722/131058.066:ERROR:device_event_log_impl.cc(214)] [13:10:58.066] USB: usb_device_handle_win.cc:1048 Failed to read descriptor from node connection: 시스템에 부착된 장치가 작동하지 않습니다. (0x1F)
7월 22, 2022 13:10:58.66 [9980:8004:0722/131058.066:ERROR:device_event_log_impl.cc(214)] [13:10:58.066] USB: usb_device_handle_win.cc:1048 Failed to read descriptor from node connection: 시스템에 부착된 장치가 작동하지 않습니다. (0x1F)
7월 22, 2022 13:10:58.76 [9980:10244:0722/131058.075:ERROR:connection_factory_impl.cc(425)] Failed to connect to MCS endpoint with error -105
7월 22, 2022 14:38:38.740 [13320:6036:0722/143838.740:ERROR:device_event_log_impl.cc(214)] [14:38:38.740] USB: usb_device_handle_win.cc:1048 Failed to read descriptor from node connection: 시스템에 부착된 장치가 작동하지 않습니다. (0x1F)
7월 22, 2022 14:38:38.741 [13320:6036:0722/143838.741:ERROR:device_event_log_impl.cc(214)] [14:38:38.741] USB: usb_device_handle_win.cc:1048 Failed to read descriptor from node connection: 시스템에 부착된 장치가 작동하지 않습니다. (0x1F)
7월 22, 2022 14:49:26.266 [548:15392:0722/144926.266:ERROR:device_event_log_impl.cc(214)] [14:49:26.266] USB: usb_device_handle_win.cc:1048 Failed to read descriptor from node connection: 시스템에 부착된 장치가 작동하지 않습니다. (0x1F)
7월 22, 2022 14:49:26.267 [548:15392:0722/144926.267:ERROR:device_event_log_impl.cc(214)] [14:49:26.267] USB: usb_device_handle_win.cc:1048 Failed to read descriptor from node connection: 시스템에 부착된 장치가 작동하지 않습니다. (0x1F)
